Using pre-set license
Built from '2022.3/staging' branch; Version is '2022.3.27f1 (73effa14754f) revision 7598074'; Using compiler version '192829333'; Build Type 'Release'
OS: 'Windows 11  (10.0.22631) 64bit CoreSingleLanguage' Language: 'en' Physical Memory: 14188 MB
BatchMode: 1, IsHumanControllingUs: 0, StartBugReporterOnCrash: 0, Is64bit: 1, IsPro: 1

COMMAND LINE ARGUMENTS:
D:\Unity hub\2022.3.27f1\Editor\Unity.exe
-adb2
-batchMode
-noUpm
-name
AssetImportWorker13
-projectPath
D:/Game Dev/My project (7)
-logFile
Logs/AssetImportWorker13.log
-srvPort
60682
Successfully changed project path to: D:/Game Dev/My project (7)
D:/Game Dev/My project (7)
[UnityMemory] Configuration Parameters - Can be set up in boot.config
    "memorysetup-bucket-allocator-granularity=16"
    "memorysetup-bucket-allocator-bucket-count=8"
    "memorysetup-bucket-allocator-block-size=33554432"
    "memorysetup-bucket-allocator-block-count=8"
    "memorysetup-main-allocator-block-size=16777216"
    "memorysetup-thread-allocator-block-size=16777216"
    "memorysetup-gfx-main-allocator-block-size=16777216"
    "memorysetup-gfx-thread-allocator-block-size=16777216"
    "memorysetup-cache-allocator-block-size=4194304"
    "memorysetup-typetree-allocator-block-size=2097152"
    "memorysetup-profiler-bucket-allocator-granularity=16"
    "memorysetup-profiler-bucket-allocator-bucket-count=8"
    "memorysetup-profiler-bucket-allocator-block-size=33554432"
    "memorysetup-profiler-bucket-allocator-block-count=8"
    "memorysetup-profiler-allocator-block-size=16777216"
    "memorysetup-profiler-editor-allocator-block-size=1048576"
    "memorysetup-temp-allocator-size-main=16777216"
    "memorysetup-job-temp-allocator-block-size=2097152"
    "memorysetup-job-temp-allocator-block-size-background=1048576"
    "memorysetup-job-temp-allocator-reduction-small-platforms=262144"
    "memorysetup-allocator-temp-initial-block-size-main=262144"
    "memorysetup-allocator-temp-initial-block-size-worker=262144"
    "memorysetup-temp-allocator-size-background-worker=32768"
    "memorysetup-temp-allocator-size-job-worker=262144"
    "memorysetup-temp-allocator-size-preload-manager=33554432"
    "memorysetup-temp-allocator-size-nav-mesh-worker=65536"
    "memorysetup-temp-allocator-size-audio-worker=65536"
    "memorysetup-temp-allocator-size-cloud-worker=32768"
    "memorysetup-temp-allocator-size-gi-baking-worker=262144"
    "memorysetup-temp-allocator-size-gfx=262144"
Player connection [22340] Host "[IP] 192.168.24.169 [Port] 0 [Flags] 2 [Guid] 858195982 [EditorId] 858195982 [Version] 1048832 [Id] WindowsEditor(7,akss) [Debug] 1 [PackageName] WindowsEditor [ProjectName] Editor" joined multi-casting on [225.0.0.222:54997]...

Player connection [22340] Host "[IP] 192.168.24.169 [Port] 0 [Flags] 2 [Guid] 858195982 [EditorId] 858195982 [Version] 1048832 [Id] WindowsEditor(7,akss) [Debug] 1 [PackageName] WindowsEditor [ProjectName] Editor" joined alternative multi-casting on [225.0.0.222:34997]...

[Physics::Module] Initialized MultithreadedJobDispatcher with 15 workers.
Refreshing native plugins compatible for Editor in 9.33 ms, found 3 plugins.
Preloading 0 native plugins for Editor in 0.00 ms.
Initialize engine version: 2022.3.27f1 (73effa14754f)
[Subsystems] Discovering subsystems at path D:/Unity hub/2022.3.27f1/Editor/Data/Resources/UnitySubsystems
[Subsystems] Discovering subsystems at path D:/Game Dev/My project (7)/Assets
GfxDevice: creating device client; threaded=0; jobified=0
Direct3D:
    Version:  Direct3D 11.0 [level 11.1]
    Renderer: AMD Radeon (TM) Graphics (ID=0x15e7)
    Vendor:   ATI
    VRAM:     7094 MB
    Driver:   31.0.21912.14
Initialize mono
Mono path[0] = 'D:/Unity hub/2022.3.27f1/Editor/Data/Managed'
Mono path[1] = 'D:/Unity hub/2022.3.27f1/Editor/Data/MonoBleedingEdge/lib/mono/unityjit-win32'
Mono config path = 'D:/Unity hub/2022.3.27f1/Editor/Data/MonoBleedingEdge/etc'
Using monoOptions --debugger-agent=transport=dt_socket,embedding=1,server=y,suspend=n,address=127.0.0.1:56632
Begin MonoManager ReloadAssembly
Registering precompiled unity dll's ...
Register platform support module: D:/Unity hub/2022.3.27f1/Editor/Data/PlaybackEngines/WebGLSupport/UnityEditor.WebGL.Extensions.dll
Register platform support module: D:/Unity hub/2022.3.27f1/Editor/Data/PlaybackEngines/WindowsStandaloneSupport/UnityEditor.WindowsStandalone.Extensions.dll
Register platform support module: D:/Unity hub/2022.3.27f1/Editor/Data/PlaybackEngines/MetroSupport/UnityEditor.UWP.Extensions.dll
Registered in 0.005496 seconds.
- Loaded All Assemblies, in  0.433 seconds
Native extension for UWP target not found
Native extension for WindowsStandalone target not found
Native extension for WebGL target not found
Mono: successfully reloaded assembly
- Finished resetting the current domain, in  0.323 seconds
Domain Reload Profiling: 756ms
	BeginReloadAssembly (154ms)
		ExecutionOrderSort (0ms)
		DisableScriptedObjects (0ms)
		BackupInstance (0ms)
		ReleaseScriptingObjects (0ms)
		CreateAndSetChildDomain (1ms)
	RebuildCommonClasses (43ms)
	RebuildNativeTypeToScriptingClass (11ms)
	initialDomainReloadingComplete (56ms)
	LoadAllAssembliesAndSetupDomain (168ms)
		LoadAssemblies (155ms)
		RebuildTransferFunctionScriptingTraits (0ms)
		AnalyzeDomain (164ms)
			TypeCache.Refresh (163ms)
				TypeCache.ScanAssembly (145ms)
			ScanForSourceGeneratedMonoScriptInfo (1ms)
			ResolveRequiredComponents (1ms)
	FinalizeReload (323ms)
		ReleaseScriptCaches (0ms)
		RebuildScriptCaches (0ms)
		SetupLoadedEditorAssemblies (257ms)
			LogAssemblyErrors (0ms)
			InitializePlatformSupportModulesInManaged (9ms)
			SetLoadedEditorAssemblies (7ms)
			RefreshPlugins (0ms)
			BeforeProcessingInitializeOnLoad (3ms)
			ProcessInitializeOnLoadAttributes (174ms)
			ProcessInitializeOnLoadMethodAttributes (64ms)
			AfterProcessingInitializeOnLoad (0ms)
			EditorAssembliesLoaded (0ms)
		ExecutionOrderSort2 (0ms)
		AwakeInstancesAfterBackupRestoration (0ms)
========================================================================
Worker process is ready to serve import requests
Begin MonoManager ReloadAssembly
- Loaded All Assemblies, in  0.518 seconds
Refreshing native plugins compatible for Editor in 2.56 ms, found 3 plugins.
Native extension for UWP target not found
Native extension for WindowsStandalone target not found
Native extension for WebGL target not found
Package Manager log level set to [2]
[Package Manager] Server::EnsureServerProcessIsRunning -- launch failed, reason: Unity was launched with the -noUpm command-line argument
[Package Manager] UpmClient::Send -- Unable to send message (not connected to UPM process).
[Package Manager] Cannot connect to Unity Package Manager local server
Mono: successfully reloaded assembly
- Finished resetting the current domain, in  0.583 seconds
Domain Reload Profiling: 1102ms
	BeginReloadAssembly (143ms)
		ExecutionOrderSort (0ms)
		DisableScriptedObjects (5ms)
		BackupInstance (0ms)
		ReleaseScriptingObjects (0ms)
		CreateAndSetChildDomain (21ms)
	RebuildCommonClasses (27ms)
	RebuildNativeTypeToScriptingClass (8ms)
	initialDomainReloadingComplete (32ms)
	LoadAllAssembliesAndSetupDomain (309ms)
		LoadAssemblies (263ms)
		RebuildTransferFunctionScriptingTraits (0ms)
		AnalyzeDomain (135ms)
			TypeCache.Refresh (119ms)
				TypeCache.ScanAssembly (107ms)
			ScanForSourceGeneratedMonoScriptInfo (12ms)
			ResolveRequiredComponents (4ms)
	FinalizeReload (584ms)
		ReleaseScriptCaches (0ms)
		RebuildScriptCaches (0ms)
		SetupLoadedEditorAssemblies (470ms)
			LogAssemblyErrors (0ms)
			InitializePlatformSupportModulesInManaged (5ms)
			SetLoadedEditorAssemblies (4ms)
			RefreshPlugins (0ms)
			BeforeProcessingInitializeOnLoad (44ms)
			ProcessInitializeOnLoadAttributes (399ms)
			ProcessInitializeOnLoadMethodAttributes (16ms)
			AfterProcessingInitializeOnLoad (2ms)
			EditorAssembliesLoaded (0ms)
		ExecutionOrderSort2 (0ms)
		AwakeInstancesAfterBackupRestoration (6ms)
Launched and connected shader compiler UnityShaderCompiler.exe after 0.05 seconds
Refreshing native plugins compatible for Editor in 3.27 ms, found 3 plugins.
Preloading 0 native plugins for Editor in 0.00 ms.
Unloading 3368 Unused Serialized files (Serialized files now loaded: 0)
Unloading 50 unused Assets / (2.1 MB). Loaded Objects now: 3840.
Memory consumption went from 190.2 MB to 188.2 MB.
Total: 3.934300 ms (FindLiveObjects: 0.279900 ms CreateObjectMapping: 0.108300 ms MarkObjects: 3.087100 ms  DeleteObjects: 0.458300 ms)

AssetImportParameters requested are different than current active one (requested -> active):
  custom:container-demuxer-ogg: 62fdf1f143b41e24485cea50d1cbac27 -> 
  custom:video-codec-MediaFoundation-h265: 746d11721c4dcdbdad8f713fa42b33f4 -> 
  custom:video-decoder-ogg-theora: a1e56fd34408186e4bbccfd4996cb3dc -> 
  custom:framework-win-MediaFoundation: 216162199b28c13a410421893ffa2e32 -> 
  custom:CustomObjectIndexerAttribute: 9a22284fe3817be447336de3de66b15e -> 
  custom:scripting/monoscript/fileName/ExtinguishableFire.cs: 8bf95ae1b8238aad5a7d8659e5c1f34d -> 6fc079e965f07121ccb01d97432a83e7
  custom:scripting/monoscript/fileName/Readme.cs: d224ae3d547135c42971b15162f90d4d -> 5aedf578fb2663036982fb7b05aaf325
  custom:container-demuxer-webm: 4f35f7cbe854078d1ac9338744f61a02 -> 
  custom:scripting/monoscript/fileName/GunAim.cs: f5f0cfd4962c3081a147d7778507a842 -> a359bcb45b8a9070343cabc49c6d6c12
  custom:scripting/monoscript/fileName/ParticleMenu.cs: 1db4266800d0873f067b2d6738894df3 -> 701aa12128b01c89a035dcec7c7d7504
  custom:container-muxer-webm: aa71ff27fc2769a1b78a27578f13a17b -> 
  custom:scripting/monoscript/fileName/ReadmeEditor.cs: 56f6dbf78c2756041ad3480a7e14a138 -> ff7ced1e41c1b99ddf5dfefc88f6bd50
  custom:scripting/monoscript/fileName/ParticleCollision.cs: fd3262e887bbf4a758ebaf804b209512 -> 71b71ac2cffa6bd7fb708664d6afc389
  custom:video-decoder-webm-vp8: 9c59270c3fd7afecdb556c50c9e8de78 -> 
  custom:scripting/monoscript/fileName/GunShoot.cs: b88a07cb1b5e1031b90e20a52c7f53ad -> 88c772e3426422d2042c20de5e9fd7a7
  custom:SearchIndexIgnoredProperties: e643bd26f0fe6173181afceb89e7c659 -> 
  custom:AudioImporter_EditorPlatform: d09bf68614088b80899f8185d706f6e7 -> 
  custom:video-encoder-webm-vp8: eb34c28f22e8b96e1ab97ce403110664 -> 
  custom:scripting/monoscript/fileName/DecalDestroyer.cs: a1b4abfe96e2984de64ab20c769b6f72 -> decd07b35d36ed7e38fde9c92f7048ba
  custom:audio-decoder-ogg-vorbis: bf7c407c2cedff20999df2af8eb42d56 -> 
  custom:scripting/monoscript/fileName/ParticleExamples.cs: 9ee99ac334261e4b8b57130875b3cd69 -> fa7f72e4810c68574ab637c94b215424
  custom:audio-encoder-webm-vorbis: bf7c407c2cedff20999df2af8eb42d56 -> 
========================================================================
Received Import Request.
  Time since last request: 10921.991732 seconds.
  path: Assets/Polytope Studio/Lowpoly_Environments/Prefabs/Trees/PT_Fruit_Tree_01_dead_cut.prefab
  artifactKey: Guid(66d0615cc71cd48408b75ff3f99c97af) Importer(815301076,1909f56bfc062723c751e8b465ee728b)
Start importing Assets/Polytope Studio/Lowpoly_Environments/Prefabs/Trees/PT_Fruit_Tree_01_dead_cut.prefab using Guid(66d0615cc71cd48408b75ff3f99c97af) Importer(815301076,1909f56bfc062723c751e8b465ee728b)  -> (artifact id: 'ee433bc1f3f4326e85dcfbbb4518b9b5') in 0.535142 seconds
Number of updated asset objects reloaded before import = 0
Number of asset objects unloaded after import = 9
========================================================================
Received Import Request.
  Time since last request: 2372.742003 seconds.
  path: Assets/3PupperStudios
  artifactKey: Guid(ba26dad02126d4f46a395b23e28f0326) Importer(815301076,1909f56bfc062723c751e8b465ee728b)
Start importing Assets/3PupperStudios using Guid(ba26dad02126d4f46a395b23e28f0326) Importer(815301076,1909f56bfc062723c751e8b465ee728b)  -> (artifact id: '3a4e48dbef97bf56f03f56c0fb73f970') in 0.000631 seconds
Number of updated asset objects reloaded before import = 0
Number of asset objects unloaded after import = 0
========================================================================
Received Import Request.
  Time since last request: 0.970453 seconds.
  path: Assets/3PupperStudios/JungleTemple Demo
  artifactKey: Guid(648a6d2b497b1164db39c9309076acd0) Importer(815301076,1909f56bfc062723c751e8b465ee728b)
Start importing Assets/3PupperStudios/JungleTemple Demo using Guid(648a6d2b497b1164db39c9309076acd0) Importer(815301076,1909f56bfc062723c751e8b465ee728b)  -> (artifact id: '9cb0395c9edc2ffe336aef4aef58a37c') in 0.000347 seconds
Number of updated asset objects reloaded before import = 0
Number of asset objects unloaded after import = 0
========================================================================
Received Import Request.
  Time since last request: 0.318335 seconds.
  path: Assets/3PupperStudios/JungleTemple Demo/Materials
  artifactKey: Guid(71c30803d749b2c44bd16fe3723cf18d) Importer(815301076,1909f56bfc062723c751e8b465ee728b)
Start importing Assets/3PupperStudios/JungleTemple Demo/Materials using Guid(71c30803d749b2c44bd16fe3723cf18d) Importer(815301076,1909f56bfc062723c751e8b465ee728b)  -> (artifact id: '4fabf9c37b88a876c7851bb9804266d0') in 0.000362 seconds
Number of updated asset objects reloaded before import = 0
Number of asset objects unloaded after import = 0
========================================================================
Received Import Request.
  Time since last request: 1.311257 seconds.
  path: Assets/3PupperStudios/JungleTemple Demo/Prefabs
  artifactKey: Guid(086291ca75bce2d4a8e2cf20dbec59bf) Importer(815301076,1909f56bfc062723c751e8b465ee728b)
Start importing Assets/3PupperStudios/JungleTemple Demo/Prefabs using Guid(086291ca75bce2d4a8e2cf20dbec59bf) Importer(815301076,1909f56bfc062723c751e8b465ee728b)  -> (artifact id: '65c7365d9a39e783b740b9a197e61283') in 0.000389 seconds
Number of updated asset objects reloaded before import = 0
Number of asset objects unloaded after import = 0
========================================================================
Received Import Request.
  Time since last request: 0.105462 seconds.
  path: Assets/3PupperStudios/JungleTemple Demo/Prefabs/Durga_Free_Standing.prefab
  artifactKey: Guid(8d55ec0e96e52ba459950896cbe6f1e4) Importer(815301076,1909f56bfc062723c751e8b465ee728b)
Start importing Assets/3PupperStudios/JungleTemple Demo/Prefabs/Durga_Free_Standing.prefab using Guid(8d55ec0e96e52ba459950896cbe6f1e4) Importer(815301076,1909f56bfc062723c751e8b465ee728b)  -> (artifact id: '3ab689d53f6fdfd01c2171cb436b9b2c') in 0.148687 seconds
Number of updated asset objects reloaded before import = 0
Number of asset objects unloaded after import = 13
========================================================================
Received Import Request.
  Time since last request: 0.000030 seconds.
  path: Assets/3PupperStudios/JungleTemple Demo/Prefabs/Roofing_Flat_01.prefab
  artifactKey: Guid(58c08d0cd58281b4e86449149f47b49d) Importer(815301076,1909f56bfc062723c751e8b465ee728b)
Start importing Assets/3PupperStudios/JungleTemple Demo/Prefabs/Roofing_Flat_01.prefab using Guid(58c08d0cd58281b4e86449149f47b49d) Importer(815301076,1909f56bfc062723c751e8b465ee728b)  -> (artifact id: '3f89f6ef609a6ef61d0cccb2519fa76f') in 0.301625 seconds
Number of updated asset objects reloaded before import = 0
Number of asset objects unloaded after import = 14
========================================================================
Received Import Request.
  Time since last request: 0.000030 seconds.
  path: Assets/3PupperStudios/JungleTemple Demo/Prefabs/Rubble_03_Large.prefab
  artifactKey: Guid(bc3316724907acc499f7aa324f7a5d68) Importer(815301076,1909f56bfc062723c751e8b465ee728b)
Start importing Assets/3PupperStudios/JungleTemple Demo/Prefabs/Rubble_03_Large.prefab using Guid(bc3316724907acc499f7aa324f7a5d68) Importer(815301076,1909f56bfc062723c751e8b465ee728b)  -> (artifact id: '33353398f8192a91804a329787aad044') in 0.160930 seconds
Number of updated asset objects reloaded before import = 0
Number of asset objects unloaded after import = 11
========================================================================
Received Import Request.
  Time since last request: 0.000056 seconds.
  path: Assets/3PupperStudios/JungleTemple Demo/Prefabs/Rubble_01_Large.prefab
  artifactKey: Guid(8b89c66bcbc4662448c7c75248947c5c) Importer(815301076,1909f56bfc062723c751e8b465ee728b)
Start importing Assets/3PupperStudios/JungleTemple Demo/Prefabs/Rubble_01_Large.prefab using Guid(8b89c66bcbc4662448c7c75248947c5c) Importer(815301076,1909f56bfc062723c751e8b465ee728b)  -> (artifact id: '1e20020d6f5672263b9ac45152e90c32') in 0.025105 seconds
Number of updated asset objects reloaded before import = 0
Number of asset objects unloaded after import = 11
========================================================================
Received Import Request.
  Time since last request: 0.000024 seconds.
  path: Assets/3PupperStudios/JungleTemple Demo/Prefabs/Wall Divider.prefab
  artifactKey: Guid(9fbd783475165ea4fb5370d2fe04d048) Importer(815301076,1909f56bfc062723c751e8b465ee728b)
Start importing Assets/3PupperStudios/JungleTemple Demo/Prefabs/Wall Divider.prefab using Guid(9fbd783475165ea4fb5370d2fe04d048) Importer(815301076,1909f56bfc062723c751e8b465ee728b)  -> (artifact id: '4239619ee9b06e0095e034a61332d52c') in 0.017479 seconds
Number of updated asset objects reloaded before import = 0
Number of asset objects unloaded after import = 9
========================================================================
Received Import Request.
  Time since last request: 0.000023 seconds.
  path: Assets/3PupperStudios/JungleTemple Demo/Prefabs/Large_Single_Statue_Wall_01.prefab
  artifactKey: Guid(dec72fa286bb28342a71a3248396457d) Importer(815301076,1909f56bfc062723c751e8b465ee728b)
Start importing Assets/3PupperStudios/JungleTemple Demo/Prefabs/Large_Single_Statue_Wall_01.prefab using Guid(dec72fa286bb28342a71a3248396457d) Importer(815301076,1909f56bfc062723c751e8b465ee728b)  -> (artifact id: '204c8682e9f3d69b1ef308180542f135') in 0.102465 seconds
Number of updated asset objects reloaded before import = 0
Number of asset objects unloaded after import = 14
========================================================================
Received Import Request.
  Time since last request: 0.000026 seconds.
  path: Assets/3PupperStudios/JungleTemple Demo/Prefabs/Pillar_01.prefab
  artifactKey: Guid(30ce1337c7e883448a740b36c657abe8) Importer(815301076,1909f56bfc062723c751e8b465ee728b)
Start importing Assets/3PupperStudios/JungleTemple Demo/Prefabs/Pillar_01.prefab using Guid(30ce1337c7e883448a740b36c657abe8) Importer(815301076,1909f56bfc062723c751e8b465ee728b)  -> (artifact id: 'ec04b70f17a4a49ed975c23fe271d855') in 0.042138 seconds
Number of updated asset objects reloaded before import = 0
Number of asset objects unloaded after import = 14
Editor requested this worker to shutdown with reason: Scaling down because of idle timeout
TcpMessagingSession - receive error: operation aborted. errorcode: 995, details: The I/O operation has been aborted because of either a thread exit or an application request.
AssetImportWorker is now disconnected from the server
Process exiting
Exiting without the bug reporter. Application will terminate with return code 0