Using pre-set license
Built from '2022.3/staging' branch; Version is '2022.3.27f1 (73effa14754f) revision 7598074'; Using compiler version '192829333'; Build Type 'Release'
OS: 'Windows 11  (10.0.22631) 64bit CoreSingleLanguage' Language: 'en' Physical Memory: 14188 MB
BatchMode: 1, IsHumanControllingUs: 0, StartBugReporterOnCrash: 0, Is64bit: 1, IsPro: 1

COMMAND LINE ARGUMENTS:
D:\Unity hub\2022.3.27f1\Editor\Unity.exe
-adb2
-batchMode
-noUpm
-name
AssetImportWorker9
-projectPath
D:/Game Dev/My project (7)
-logFile
Logs/AssetImportWorker9.log
-srvPort
60682
Successfully changed project path to: D:/Game Dev/My project (7)
D:/Game Dev/My project (7)
[UnityMemory] Configuration Parameters - Can be set up in boot.config
    "memorysetup-bucket-allocator-granularity=16"
    "memorysetup-bucket-allocator-bucket-count=8"
    "memorysetup-bucket-allocator-block-size=33554432"
    "memorysetup-bucket-allocator-block-count=8"
    "memorysetup-main-allocator-block-size=16777216"
    "memorysetup-thread-allocator-block-size=16777216"
    "memorysetup-gfx-main-allocator-block-size=16777216"
    "memorysetup-gfx-thread-allocator-block-size=16777216"
    "memorysetup-cache-allocator-block-size=4194304"
    "memorysetup-typetree-allocator-block-size=2097152"
    "memorysetup-profiler-bucket-allocator-granularity=16"
    "memorysetup-profiler-bucket-allocator-bucket-count=8"
    "memorysetup-profiler-bucket-allocator-block-size=33554432"
    "memorysetup-profiler-bucket-allocator-block-count=8"
    "memorysetup-profiler-allocator-block-size=16777216"
    "memorysetup-profiler-editor-allocator-block-size=1048576"
    "memorysetup-temp-allocator-size-main=16777216"
    "memorysetup-job-temp-allocator-block-size=2097152"
    "memorysetup-job-temp-allocator-block-size-background=1048576"
    "memorysetup-job-temp-allocator-reduction-small-platforms=262144"
    "memorysetup-allocator-temp-initial-block-size-main=262144"
    "memorysetup-allocator-temp-initial-block-size-worker=262144"
    "memorysetup-temp-allocator-size-background-worker=32768"
    "memorysetup-temp-allocator-size-job-worker=262144"
    "memorysetup-temp-allocator-size-preload-manager=33554432"
    "memorysetup-temp-allocator-size-nav-mesh-worker=65536"
    "memorysetup-temp-allocator-size-audio-worker=65536"
    "memorysetup-temp-allocator-size-cloud-worker=32768"
    "memorysetup-temp-allocator-size-gi-baking-worker=262144"
    "memorysetup-temp-allocator-size-gfx=262144"
Player connection [23436] Host "[IP] 192.168.24.169 [Port] 0 [Flags] 2 [Guid] 1137930791 [EditorId] 1137930791 [Version] 1048832 [Id] WindowsEditor(7,akss) [Debug] 1 [PackageName] WindowsEditor [ProjectName] Editor" joined multi-casting on [225.0.0.222:54997]...

Player connection [23436] Host "[IP] 192.168.24.169 [Port] 0 [Flags] 2 [Guid] 1137930791 [EditorId] 1137930791 [Version] 1048832 [Id] WindowsEditor(7,akss) [Debug] 1 [PackageName] WindowsEditor [ProjectName] Editor" joined alternative multi-casting on [225.0.0.222:34997]...

[Physics::Module] Initialized MultithreadedJobDispatcher with 15 workers.
Refreshing native plugins compatible for Editor in 7.96 ms, found 3 plugins.
Preloading 0 native plugins for Editor in 0.00 ms.
Initialize engine version: 2022.3.27f1 (73effa14754f)
[Subsystems] Discovering subsystems at path D:/Unity hub/2022.3.27f1/Editor/Data/Resources/UnitySubsystems
[Subsystems] Discovering subsystems at path D:/Game Dev/My project (7)/Assets
GfxDevice: creating device client; threaded=0; jobified=0
Direct3D:
    Version:  Direct3D 11.0 [level 11.1]
    Renderer: AMD Radeon (TM) Graphics (ID=0x15e7)
    Vendor:   ATI
    VRAM:     7094 MB
    Driver:   31.0.21912.14
Initialize mono
Mono path[0] = 'D:/Unity hub/2022.3.27f1/Editor/Data/Managed'
Mono path[1] = 'D:/Unity hub/2022.3.27f1/Editor/Data/MonoBleedingEdge/lib/mono/unityjit-win32'
Mono config path = 'D:/Unity hub/2022.3.27f1/Editor/Data/MonoBleedingEdge/etc'
Using monoOptions --debugger-agent=transport=dt_socket,embedding=1,server=y,suspend=n,address=127.0.0.1:56948
Begin MonoManager ReloadAssembly
Registering precompiled unity dll's ...
Register platform support module: D:/Unity hub/2022.3.27f1/Editor/Data/PlaybackEngines/WebGLSupport/UnityEditor.WebGL.Extensions.dll
Register platform support module: D:/Unity hub/2022.3.27f1/Editor/Data/PlaybackEngines/WindowsStandaloneSupport/UnityEditor.WindowsStandalone.Extensions.dll
Register platform support module: D:/Unity hub/2022.3.27f1/Editor/Data/PlaybackEngines/MetroSupport/UnityEditor.UWP.Extensions.dll
Registered in 0.004433 seconds.
- Loaded All Assemblies, in  0.280 seconds
Native extension for UWP target not found
Native extension for WindowsStandalone target not found
Native extension for WebGL target not found
Mono: successfully reloaded assembly
- Finished resetting the current domain, in  0.209 seconds
Domain Reload Profiling: 489ms
	BeginReloadAssembly (97ms)
		ExecutionOrderSort (0ms)
		DisableScriptedObjects (0ms)
		BackupInstance (0ms)
		ReleaseScriptingObjects (0ms)
		CreateAndSetChildDomain (1ms)
	RebuildCommonClasses (26ms)
	RebuildNativeTypeToScriptingClass (8ms)
	initialDomainReloadingComplete (41ms)
	LoadAllAssembliesAndSetupDomain (108ms)
		LoadAssemblies (98ms)
		RebuildTransferFunctionScriptingTraits (0ms)
		AnalyzeDomain (105ms)
			TypeCache.Refresh (104ms)
				TypeCache.ScanAssembly (93ms)
			ScanForSourceGeneratedMonoScriptInfo (0ms)
			ResolveRequiredComponents (0ms)
	FinalizeReload (209ms)
		ReleaseScriptCaches (0ms)
		RebuildScriptCaches (0ms)
		SetupLoadedEditorAssemblies (164ms)
			LogAssemblyErrors (0ms)
			InitializePlatformSupportModulesInManaged (7ms)
			SetLoadedEditorAssemblies (4ms)
			RefreshPlugins (0ms)
			BeforeProcessingInitializeOnLoad (2ms)
			ProcessInitializeOnLoadAttributes (115ms)
			ProcessInitializeOnLoadMethodAttributes (36ms)
			AfterProcessingInitializeOnLoad (0ms)
			EditorAssembliesLoaded (0ms)
		ExecutionOrderSort2 (0ms)
		AwakeInstancesAfterBackupRestoration (0ms)
========================================================================
Worker process is ready to serve import requests
Begin MonoManager ReloadAssembly
- Loaded All Assemblies, in  0.493 seconds
Refreshing native plugins compatible for Editor in 3.50 ms, found 3 plugins.
Native extension for UWP target not found
Native extension for WindowsStandalone target not found
Native extension for WebGL target not found
Package Manager log level set to [2]
[Package Manager] Server::EnsureServerProcessIsRunning -- launch failed, reason: Unity was launched with the -noUpm command-line argument
[Package Manager] UpmClient::Send -- Unable to send message (not connected to UPM process).
[Package Manager] Cannot connect to Unity Package Manager local server
Mono: successfully reloaded assembly
- Finished resetting the current domain, in  0.564 seconds
Domain Reload Profiling: 1058ms
	BeginReloadAssembly (129ms)
		ExecutionOrderSort (0ms)
		DisableScriptedObjects (4ms)
		BackupInstance (0ms)
		ReleaseScriptingObjects (0ms)
		CreateAndSetChildDomain (19ms)
	RebuildCommonClasses (25ms)
	RebuildNativeTypeToScriptingClass (8ms)
	initialDomainReloadingComplete (29ms)
	LoadAllAssembliesAndSetupDomain (302ms)
		LoadAssemblies (245ms)
		RebuildTransferFunctionScriptingTraits (0ms)
		AnalyzeDomain (136ms)
			TypeCache.Refresh (119ms)
				TypeCache.ScanAssembly (107ms)
			ScanForSourceGeneratedMonoScriptInfo (12ms)
			ResolveRequiredComponents (4ms)
	FinalizeReload (565ms)
		ReleaseScriptCaches (0ms)
		RebuildScriptCaches (0ms)
		SetupLoadedEditorAssemblies (446ms)
			LogAssemblyErrors (0ms)
			InitializePlatformSupportModulesInManaged (5ms)
			SetLoadedEditorAssemblies (4ms)
			RefreshPlugins (0ms)
			BeforeProcessingInitializeOnLoad (42ms)
			ProcessInitializeOnLoadAttributes (377ms)
			ProcessInitializeOnLoadMethodAttributes (17ms)
			AfterProcessingInitializeOnLoad (2ms)
			EditorAssembliesLoaded (0ms)
		ExecutionOrderSort2 (0ms)
		AwakeInstancesAfterBackupRestoration (5ms)
Launched and connected shader compiler UnityShaderCompiler.exe after 0.04 seconds
Refreshing native plugins compatible for Editor in 3.00 ms, found 3 plugins.
Preloading 0 native plugins for Editor in 0.00 ms.
Unloading 3243 Unused Serialized files (Serialized files now loaded: 0)
Unloading 46 unused Assets / (1.8 MB). Loaded Objects now: 3708.
Memory consumption went from 146.7 MB to 144.9 MB.
Total: 4.450500 ms (FindLiveObjects: 0.240900 ms CreateObjectMapping: 0.248600 ms MarkObjects: 3.562000 ms  DeleteObjects: 0.397000 ms)

AssetImportParameters requested are different than current active one (requested -> active):
  custom:container-demuxer-ogg: 62fdf1f143b41e24485cea50d1cbac27 -> 
  custom:video-codec-MediaFoundation-h265: 746d11721c4dcdbdad8f713fa42b33f4 -> 
  custom:video-decoder-ogg-theora: a1e56fd34408186e4bbccfd4996cb3dc -> 
  custom:framework-win-MediaFoundation: 216162199b28c13a410421893ffa2e32 -> 
  custom:CustomObjectIndexerAttribute: 9a22284fe3817be447336de3de66b15e -> 
  custom:scripting/monoscript/fileName/ExtinguishableFire.cs: 8bf95ae1b8238aad5a7d8659e5c1f34d -> 6fc079e965f07121ccb01d97432a83e7
  custom:scripting/monoscript/fileName/Readme.cs: d224ae3d547135c42971b15162f90d4d -> 5aedf578fb2663036982fb7b05aaf325
  custom:container-demuxer-webm: 4f35f7cbe854078d1ac9338744f61a02 -> 
  custom:scripting/monoscript/fileName/GunAim.cs: f5f0cfd4962c3081a147d7778507a842 -> a359bcb45b8a9070343cabc49c6d6c12
  custom:scripting/monoscript/fileName/ParticleMenu.cs: 1db4266800d0873f067b2d6738894df3 -> 701aa12128b01c89a035dcec7c7d7504
  custom:container-muxer-webm: aa71ff27fc2769a1b78a27578f13a17b -> 
  custom:scripting/monoscript/fileName/ReadmeEditor.cs: 56f6dbf78c2756041ad3480a7e14a138 -> ff7ced1e41c1b99ddf5dfefc88f6bd50
  custom:scripting/monoscript/fileName/ParticleCollision.cs: fd3262e887bbf4a758ebaf804b209512 -> 71b71ac2cffa6bd7fb708664d6afc389
  custom:video-decoder-webm-vp8: 9c59270c3fd7afecdb556c50c9e8de78 -> 
  custom:scripting/monoscript/fileName/GunShoot.cs: b88a07cb1b5e1031b90e20a52c7f53ad -> 88c772e3426422d2042c20de5e9fd7a7
  custom:SearchIndexIgnoredProperties: e643bd26f0fe6173181afceb89e7c659 -> 
  custom:AudioImporter_EditorPlatform: d09bf68614088b80899f8185d706f6e7 -> 
  custom:video-encoder-webm-vp8: eb34c28f22e8b96e1ab97ce403110664 -> 
  custom:scripting/monoscript/fileName/DecalDestroyer.cs: a1b4abfe96e2984de64ab20c769b6f72 -> decd07b35d36ed7e38fde9c92f7048ba
  custom:audio-decoder-ogg-vorbis: bf7c407c2cedff20999df2af8eb42d56 -> 
  custom:scripting/monoscript/fileName/ParticleExamples.cs: 9ee99ac334261e4b8b57130875b3cd69 -> fa7f72e4810c68574ab637c94b215424
  custom:audio-encoder-webm-vorbis: bf7c407c2cedff20999df2af8eb42d56 -> 
========================================================================
Received Prepare
Begin MonoManager ReloadAssembly
- Loaded All Assemblies, in  0.409 seconds
Refreshing native plugins compatible for Editor in 3.16 ms, found 3 plugins.
Native extension for UWP target not found
Native extension for WindowsStandalone target not found
Native extension for WebGL target not found
[Package Manager] Server::EnsureServerProcessIsRunning -- launch failed, reason: Unity was launched with the -noUpm command-line argument
[Package Manager] UpmClient::Send -- Unable to send message (not connected to UPM process).
[Package Manager] Cannot connect to Unity Package Manager local server
Mono: successfully reloaded assembly
- Finished resetting the current domain, in  2.435 seconds
Domain Reload Profiling: 2846ms
	BeginReloadAssembly (155ms)
		ExecutionOrderSort (0ms)
		DisableScriptedObjects (7ms)
		BackupInstance (0ms)
		ReleaseScriptingObjects (0ms)
		CreateAndSetChildDomain (37ms)
	RebuildCommonClasses (26ms)
	RebuildNativeTypeToScriptingClass (8ms)
	initialDomainReloadingComplete (21ms)
	LoadAllAssembliesAndSetupDomain (198ms)
		LoadAssemblies (272ms)
		RebuildTransferFunctionScriptingTraits (0ms)
		AnalyzeDomain (12ms)
			TypeCache.Refresh (5ms)
				TypeCache.ScanAssembly (0ms)
			ScanForSourceGeneratedMonoScriptInfo (0ms)
			ResolveRequiredComponents (5ms)
	FinalizeReload (2437ms)
		ReleaseScriptCaches (0ms)
		RebuildScriptCaches (0ms)
		SetupLoadedEditorAssemblies (1555ms)
			LogAssemblyErrors (0ms)
			InitializePlatformSupportModulesInManaged (19ms)
			SetLoadedEditorAssemblies (16ms)
			RefreshPlugins (0ms)
			BeforeProcessingInitializeOnLoad (165ms)
			ProcessInitializeOnLoadAttributes (1285ms)
			ProcessInitializeOnLoadMethodAttributes (64ms)
			AfterProcessingInitializeOnLoad (5ms)
			EditorAssembliesLoaded (0ms)
		ExecutionOrderSort2 (0ms)
		AwakeInstancesAfterBackupRestoration (20ms)
Refreshing native plugins compatible for Editor in 8.43 ms, found 3 plugins.
Preloading 0 native plugins for Editor in 0.00 ms.
Unloading 3208 Unused Serialized files (Serialized files now loaded: 0)
Unloading 37 unused Assets / (1.8 MB). Loaded Objects now: 3711.
Memory consumption went from 139.1 MB to 137.4 MB.
Total: 12.662200 ms (FindLiveObjects: 0.466000 ms CreateObjectMapping: 0.562700 ms MarkObjects: 9.551100 ms  DeleteObjects: 2.079400 ms)

Prepare: number of updated asset objects reloaded= 0
AssetImportParameters requested are different than current active one (requested -> active):
  custom:container-demuxer-ogg: 62fdf1f143b41e24485cea50d1cbac27 -> 
  custom:video-codec-MediaFoundation-h265: 746d11721c4dcdbdad8f713fa42b33f4 -> 
  custom:video-decoder-ogg-theora: a1e56fd34408186e4bbccfd4996cb3dc -> 
  custom:framework-win-MediaFoundation: 216162199b28c13a410421893ffa2e32 -> 
  custom:CustomObjectIndexerAttribute: 9a22284fe3817be447336de3de66b15e -> 
  custom:scripting/monoscript/fileName/ExtinguishableFire.cs: 8bf95ae1b8238aad5a7d8659e5c1f34d -> 6fc079e965f07121ccb01d97432a83e7
  custom:scripting/monoscript/fileName/Readme.cs: d224ae3d547135c42971b15162f90d4d -> 5aedf578fb2663036982fb7b05aaf325
  custom:container-demuxer-webm: 4f35f7cbe854078d1ac9338744f61a02 -> 
  custom:scripting/monoscript/fileName/GunAim.cs: f5f0cfd4962c3081a147d7778507a842 -> a359bcb45b8a9070343cabc49c6d6c12
  custom:scripting/monoscript/fileName/ParticleMenu.cs: 1db4266800d0873f067b2d6738894df3 -> 701aa12128b01c89a035dcec7c7d7504
  custom:container-muxer-webm: aa71ff27fc2769a1b78a27578f13a17b -> 
  custom:scripting/monoscript/fileName/ReadmeEditor.cs: 56f6dbf78c2756041ad3480a7e14a138 -> ff7ced1e41c1b99ddf5dfefc88f6bd50
  custom:scripting/monoscript/fileName/ParticleCollision.cs: fd3262e887bbf4a758ebaf804b209512 -> 71b71ac2cffa6bd7fb708664d6afc389
  custom:video-decoder-webm-vp8: 9c59270c3fd7afecdb556c50c9e8de78 -> 
  custom:scripting/monoscript/fileName/GunShoot.cs: b88a07cb1b5e1031b90e20a52c7f53ad -> 88c772e3426422d2042c20de5e9fd7a7
  custom:SearchIndexIgnoredProperties: e643bd26f0fe6173181afceb89e7c659 -> 
  custom:AudioImporter_EditorPlatform: d09bf68614088b80899f8185d706f6e7 -> 
  custom:video-encoder-webm-vp8: eb34c28f22e8b96e1ab97ce403110664 -> 
  custom:scripting/monoscript/fileName/DecalDestroyer.cs: a1b4abfe96e2984de64ab20c769b6f72 -> decd07b35d36ed7e38fde9c92f7048ba
  custom:audio-decoder-ogg-vorbis: bf7c407c2cedff20999df2af8eb42d56 -> 
  custom:scripting/monoscript/fileName/ParticleExamples.cs: 9ee99ac334261e4b8b57130875b3cd69 -> fa7f72e4810c68574ab637c94b215424
  custom:audio-encoder-webm-vorbis: bf7c407c2cedff20999df2af8eb42d56 -> 
========================================================================
Received Prepare
Begin MonoManager ReloadAssembly
- Loaded All Assemblies, in  0.397 seconds
Refreshing native plugins compatible for Editor in 2.96 ms, found 3 plugins.
Native extension for UWP target not found
Native extension for WindowsStandalone target not found
Native extension for WebGL target not found
[Package Manager] Server::EnsureServerProcessIsRunning -- launch failed, reason: Unity was launched with the -noUpm command-line argument
[Package Manager] UpmClient::Send -- Unable to send message (not connected to UPM process).
[Package Manager] Cannot connect to Unity Package Manager local server
Mono: successfully reloaded assembly
- Finished resetting the current domain, in  1.073 seconds
Domain Reload Profiling: 1470ms
	BeginReloadAssembly (150ms)
		ExecutionOrderSort (0ms)
		DisableScriptedObjects (5ms)
		BackupInstance (0ms)
		ReleaseScriptingObjects (0ms)
		CreateAndSetChildDomain (35ms)
	RebuildCommonClasses (25ms)
	RebuildNativeTypeToScriptingClass (8ms)
	initialDomainReloadingComplete (22ms)
	LoadAllAssembliesAndSetupDomain (191ms)
		LoadAssemblies (264ms)
		RebuildTransferFunctionScriptingTraits (0ms)
		AnalyzeDomain (12ms)
			TypeCache.Refresh (6ms)
				TypeCache.ScanAssembly (0ms)
			ScanForSourceGeneratedMonoScriptInfo (0ms)
			ResolveRequiredComponents (5ms)
	FinalizeReload (1074ms)
		ReleaseScriptCaches (0ms)
		RebuildScriptCaches (0ms)
		SetupLoadedEditorAssemblies (568ms)
			LogAssemblyErrors (0ms)
			InitializePlatformSupportModulesInManaged (6ms)
			SetLoadedEditorAssemblies (4ms)
			RefreshPlugins (0ms)
			BeforeProcessingInitializeOnLoad (56ms)
			ProcessInitializeOnLoadAttributes (477ms)
			ProcessInitializeOnLoadMethodAttributes (22ms)
			AfterProcessingInitializeOnLoad (2ms)
			EditorAssembliesLoaded (0ms)
		ExecutionOrderSort2 (0ms)
		AwakeInstancesAfterBackupRestoration (7ms)
Refreshing native plugins compatible for Editor in 3.66 ms, found 3 plugins.
Preloading 0 native plugins for Editor in 0.00 ms.
Unloading 3208 Unused Serialized files (Serialized files now loaded: 0)
Unloading 37 unused Assets / (1.8 MB). Loaded Objects now: 3714.
Memory consumption went from 139.1 MB to 137.4 MB.
Total: 5.613900 ms (FindLiveObjects: 0.473300 ms CreateObjectMapping: 0.357300 ms MarkObjects: 4.132000 ms  DeleteObjects: 0.649100 ms)

Prepare: number of updated asset objects reloaded= 0
AssetImportParameters requested are different than current active one (requested -> active):
  custom:container-demuxer-ogg: 62fdf1f143b41e24485cea50d1cbac27 -> 
  custom:video-codec-MediaFoundation-h265: 746d11721c4dcdbdad8f713fa42b33f4 -> 
  custom:video-decoder-ogg-theora: a1e56fd34408186e4bbccfd4996cb3dc -> 
  custom:framework-win-MediaFoundation: 216162199b28c13a410421893ffa2e32 -> 
  custom:CustomObjectIndexerAttribute: 9a22284fe3817be447336de3de66b15e -> 
  custom:scripting/monoscript/fileName/ExtinguishableFire.cs: 8bf95ae1b8238aad5a7d8659e5c1f34d -> 6fc079e965f07121ccb01d97432a83e7
  custom:scripting/monoscript/fileName/Readme.cs: d224ae3d547135c42971b15162f90d4d -> 5aedf578fb2663036982fb7b05aaf325
  custom:container-demuxer-webm: 4f35f7cbe854078d1ac9338744f61a02 -> 
  custom:scripting/monoscript/fileName/GunAim.cs: f5f0cfd4962c3081a147d7778507a842 -> a359bcb45b8a9070343cabc49c6d6c12
  custom:scripting/monoscript/fileName/ParticleMenu.cs: 1db4266800d0873f067b2d6738894df3 -> 701aa12128b01c89a035dcec7c7d7504
  custom:container-muxer-webm: aa71ff27fc2769a1b78a27578f13a17b -> 
  custom:scripting/monoscript/fileName/ReadmeEditor.cs: 56f6dbf78c2756041ad3480a7e14a138 -> ff7ced1e41c1b99ddf5dfefc88f6bd50
  custom:scripting/monoscript/fileName/ParticleCollision.cs: fd3262e887bbf4a758ebaf804b209512 -> 71b71ac2cffa6bd7fb708664d6afc389
  custom:video-decoder-webm-vp8: 9c59270c3fd7afecdb556c50c9e8de78 -> 
  custom:scripting/monoscript/fileName/GunShoot.cs: b88a07cb1b5e1031b90e20a52c7f53ad -> 88c772e3426422d2042c20de5e9fd7a7
  custom:SearchIndexIgnoredProperties: e643bd26f0fe6173181afceb89e7c659 -> 
  custom:AudioImporter_EditorPlatform: d09bf68614088b80899f8185d706f6e7 -> 
  custom:video-encoder-webm-vp8: eb34c28f22e8b96e1ab97ce403110664 -> 
  custom:scripting/monoscript/fileName/DecalDestroyer.cs: a1b4abfe96e2984de64ab20c769b6f72 -> decd07b35d36ed7e38fde9c92f7048ba
  custom:audio-decoder-ogg-vorbis: bf7c407c2cedff20999df2af8eb42d56 -> 
  custom:scripting/monoscript/fileName/ParticleExamples.cs: 9ee99ac334261e4b8b57130875b3cd69 -> fa7f72e4810c68574ab637c94b215424
  custom:audio-encoder-webm-vorbis: bf7c407c2cedff20999df2af8eb42d56 -> 
========================================================================
Received Import Request.
  Time since last request: 8625.612119 seconds.
  path: Assets/textures and materials/materials/awm/New Material.mat
  artifactKey: Guid(2384f2526f5566447a65eda900b18224) Importer(815301076,1909f56bfc062723c751e8b465ee728b)
Start importing Assets/textures and materials/materials/awm/New Material.mat using Guid(2384f2526f5566447a65eda900b18224) Importer(815301076,1909f56bfc062723c751e8b465ee728b)  -> (artifact id: 'e27a0f8ad3d961eb1d654e26c14a3bbf') in 0.128892 seconds
Number of updated asset objects reloaded before import = 0
Number of asset objects unloaded after import = 1
========================================================================
Received Prepare
Begin MonoManager ReloadAssembly
- Loaded All Assemblies, in  0.559 seconds
Refreshing native plugins compatible for Editor in 4.71 ms, found 3 plugins.
Native extension for UWP target not found
Native extension for WindowsStandalone target not found
Native extension for WebGL target not found
[Package Manager] Server::EnsureServerProcessIsRunning -- launch failed, reason: Unity was launched with the -noUpm command-line argument
[Package Manager] UpmClient::Send -- Unable to send message (not connected to UPM process).
[Package Manager] Cannot connect to Unity Package Manager local server
Mono: successfully reloaded assembly
- Finished resetting the current domain, in  1.128 seconds
Domain Reload Profiling: 1686ms
	BeginReloadAssembly (211ms)
		ExecutionOrderSort (0ms)
		DisableScriptedObjects (7ms)
		BackupInstance (0ms)
		ReleaseScriptingObjects (0ms)
		CreateAndSetChildDomain (49ms)
	RebuildCommonClasses (38ms)
	RebuildNativeTypeToScriptingClass (12ms)
	initialDomainReloadingComplete (33ms)
	LoadAllAssembliesAndSetupDomain (265ms)
		LoadAssemblies (360ms)
		RebuildTransferFunctionScriptingTraits (0ms)
		AnalyzeDomain (28ms)
			TypeCache.Refresh (10ms)
				TypeCache.ScanAssembly (1ms)
			ScanForSourceGeneratedMonoScriptInfo (9ms)
			ResolveRequiredComponents (7ms)
	FinalizeReload (1128ms)
		ReleaseScriptCaches (0ms)
		RebuildScriptCaches (0ms)
		SetupLoadedEditorAssemblies (532ms)
			LogAssemblyErrors (0ms)
			InitializePlatformSupportModulesInManaged (5ms)
			SetLoadedEditorAssemblies (5ms)
			RefreshPlugins (0ms)
			BeforeProcessingInitializeOnLoad (58ms)
			ProcessInitializeOnLoadAttributes (442ms)
			ProcessInitializeOnLoadMethodAttributes (19ms)
			AfterProcessingInitializeOnLoad (2ms)
			EditorAssembliesLoaded (0ms)
		ExecutionOrderSort2 (0ms)
		AwakeInstancesAfterBackupRestoration (6ms)
Refreshing native plugins compatible for Editor in 3.51 ms, found 3 plugins.
Preloading 0 native plugins for Editor in 0.00 ms.
Unloading 3207 Unused Serialized files (Serialized files now loaded: 0)
Unloading 37 unused Assets / (1.8 MB). Loaded Objects now: 3758.
Memory consumption went from 143.6 MB to 141.9 MB.
Total: 4.783900 ms (FindLiveObjects: 0.383300 ms CreateObjectMapping: 0.139900 ms MarkObjects: 3.855700 ms  DeleteObjects: 0.403400 ms)

Prepare: number of updated asset objects reloaded= 0
AssetImportParameters requested are different than current active one (requested -> active):
  custom:container-demuxer-ogg: 62fdf1f143b41e24485cea50d1cbac27 -> 
  custom:video-codec-MediaFoundation-h265: 746d11721c4dcdbdad8f713fa42b33f4 -> 
  custom:video-decoder-ogg-theora: a1e56fd34408186e4bbccfd4996cb3dc -> 
  custom:framework-win-MediaFoundation: 216162199b28c13a410421893ffa2e32 -> 
  custom:CustomObjectIndexerAttribute: 9a22284fe3817be447336de3de66b15e -> 
  custom:scripting/monoscript/fileName/ExtinguishableFire.cs: 8bf95ae1b8238aad5a7d8659e5c1f34d -> 6fc079e965f07121ccb01d97432a83e7
  custom:scripting/monoscript/fileName/Readme.cs: d224ae3d547135c42971b15162f90d4d -> 5aedf578fb2663036982fb7b05aaf325
  custom:container-demuxer-webm: 4f35f7cbe854078d1ac9338744f61a02 -> 
  custom:scripting/monoscript/fileName/GunAim.cs: f5f0cfd4962c3081a147d7778507a842 -> a359bcb45b8a9070343cabc49c6d6c12
  custom:scripting/monoscript/fileName/ParticleMenu.cs: 1db4266800d0873f067b2d6738894df3 -> 701aa12128b01c89a035dcec7c7d7504
  custom:container-muxer-webm: aa71ff27fc2769a1b78a27578f13a17b -> 
  custom:scripting/monoscript/fileName/ReadmeEditor.cs: 56f6dbf78c2756041ad3480a7e14a138 -> ff7ced1e41c1b99ddf5dfefc88f6bd50
  custom:scripting/monoscript/fileName/ParticleCollision.cs: fd3262e887bbf4a758ebaf804b209512 -> 71b71ac2cffa6bd7fb708664d6afc389
  custom:video-decoder-webm-vp8: 9c59270c3fd7afecdb556c50c9e8de78 -> 
  custom:scripting/monoscript/fileName/GunShoot.cs: b88a07cb1b5e1031b90e20a52c7f53ad -> 88c772e3426422d2042c20de5e9fd7a7
  custom:SearchIndexIgnoredProperties: e643bd26f0fe6173181afceb89e7c659 -> 
  custom:AudioImporter_EditorPlatform: d09bf68614088b80899f8185d706f6e7 -> 
  custom:video-encoder-webm-vp8: eb34c28f22e8b96e1ab97ce403110664 -> 
  custom:scripting/monoscript/fileName/DecalDestroyer.cs: a1b4abfe96e2984de64ab20c769b6f72 -> decd07b35d36ed7e38fde9c92f7048ba
  custom:audio-decoder-ogg-vorbis: bf7c407c2cedff20999df2af8eb42d56 -> 
  custom:scripting/monoscript/fileName/ParticleExamples.cs: 9ee99ac334261e4b8b57130875b3cd69 -> fa7f72e4810c68574ab637c94b215424
  custom:audio-encoder-webm-vorbis: bf7c407c2cedff20999df2af8eb42d56 -> 
========================================================================
Received Import Request.
  Time since last request: 696.083950 seconds.
  path: Assets/prefabs/AWMOptimized.prefab
  artifactKey: Guid(9aa1129a016b95e408122bd1d8263889) Importer(815301076,1909f56bfc062723c751e8b465ee728b)
Start importing Assets/prefabs/AWMOptimized.prefab using Guid(9aa1129a016b95e408122bd1d8263889) Importer(815301076,1909f56bfc062723c751e8b465ee728b)  -> (artifact id: 'a8e4f34bfec49985173bfffbfd5e019b') in 0.081486 seconds
Number of updated asset objects reloaded before import = 0
Number of asset objects unloaded after import = 110
========================================================================
Received Import Request.
  Time since last request: 295.562952 seconds.
  path: Assets/Stylize Water Texture/Materials/Stylize Water Diffuse.mat
  artifactKey: Guid(db96e04f47f6c2a44bc6bb90f93602ec) Importer(815301076,1909f56bfc062723c751e8b465ee728b)
Start importing Assets/Stylize Water Texture/Materials/Stylize Water Diffuse.mat using Guid(db96e04f47f6c2a44bc6bb90f93602ec) Importer(815301076,1909f56bfc062723c751e8b465ee728b)  -> (artifact id: '3a861e006046183c7bef2b2c6fb2e336') in 0.141359 seconds
Number of updated asset objects reloaded before import = 0
Number of asset objects unloaded after import = 2
========================================================================
Received Import Request.
  Time since last request: 3.313292 seconds.
  path: Assets/Stylize Water Texture/Textures/Vol_36_5_Base_Color.png
  artifactKey: Guid(aa701e5be2dbcd24aad4fb9c3ca284da) Importer(815301076,1909f56bfc062723c751e8b465ee728b)
Start importing Assets/Stylize Water Texture/Textures/Vol_36_5_Base_Color.png using Guid(aa701e5be2dbcd24aad4fb9c3ca284da) Importer(815301076,1909f56bfc062723c751e8b465ee728b)  -> (artifact id: '9169cf97bfcb4ca8e6929420e8b6121f') in 0.024411 seconds
Number of updated asset objects reloaded before import = 0
Number of asset objects unloaded after import = 2
========================================================================
Received Import Request.
  Time since last request: 0.000032 seconds.
  path: Assets/Stylize Water Texture/Textures/Vol_36_5_Height.png
  artifactKey: Guid(ef65c313b280a3245b7badb32cdc1c56) Importer(815301076,1909f56bfc062723c751e8b465ee728b)
Start importing Assets/Stylize Water Texture/Textures/Vol_36_5_Height.png using Guid(ef65c313b280a3245b7badb32cdc1c56) Importer(815301076,1909f56bfc062723c751e8b465ee728b)  -> (artifact id: 'a9411bb45d57193aba1c3e9edda79f04') in 0.028853 seconds
Number of updated asset objects reloaded before import = 0
Number of asset objects unloaded after import = 2
========================================================================
Received Import Request.
  Time since last request: 0.000029 seconds.
  path: Assets/Stylize Water Texture/Textures/Vol_36_5_Normal.png
  artifactKey: Guid(f805e88d3eaf0f046ac4ed03de5c7c3e) Importer(815301076,1909f56bfc062723c751e8b465ee728b)
Start importing Assets/Stylize Water Texture/Textures/Vol_36_5_Normal.png using Guid(f805e88d3eaf0f046ac4ed03de5c7c3e) Importer(815301076,1909f56bfc062723c751e8b465ee728b)  -> (artifact id: '352f253397fe92ce2b339287fb638df1') in 0.044596 seconds
Number of updated asset objects reloaded before import = 0
Number of asset objects unloaded after import = 2
========================================================================
Received Prepare
Begin MonoManager ReloadAssembly
- Loaded All Assemblies, in  1.525 seconds
Refreshing native plugins compatible for Editor in 3.28 ms, found 3 plugins.
Native extension for UWP target not found
Native extension for WindowsStandalone target not found
Native extension for WebGL target not found
[Package Manager] Server::EnsureServerProcessIsRunning -- launch failed, reason: Unity was launched with the -noUpm command-line argument
[Package Manager] UpmClient::Send -- Unable to send message (not connected to UPM process).
[Package Manager] Cannot connect to Unity Package Manager local server
Mono: successfully reloaded assembly
- Finished resetting the current domain, in  1.220 seconds
Domain Reload Profiling: 2744ms
	BeginReloadAssembly (379ms)
		ExecutionOrderSort (0ms)
		DisableScriptedObjects (8ms)
		BackupInstance (0ms)
		ReleaseScriptingObjects (0ms)
		CreateAndSetChildDomain (85ms)
	RebuildCommonClasses (121ms)
	RebuildNativeTypeToScriptingClass (26ms)
	initialDomainReloadingComplete (110ms)
	LoadAllAssembliesAndSetupDomain (887ms)
		LoadAssemblies (1105ms)
		RebuildTransferFunctionScriptingTraits (0ms)
		AnalyzeDomain (29ms)
			TypeCache.Refresh (12ms)
				TypeCache.ScanAssembly (2ms)
			ScanForSourceGeneratedMonoScriptInfo (9ms)
			ResolveRequiredComponents (6ms)
	FinalizeReload (1221ms)
		ReleaseScriptCaches (0ms)
		RebuildScriptCaches (0ms)
		SetupLoadedEditorAssemblies (637ms)
			LogAssemblyErrors (0ms)
			InitializePlatformSupportModulesInManaged (6ms)
			SetLoadedEditorAssemblies (7ms)
			RefreshPlugins (0ms)
			BeforeProcessingInitializeOnLoad (78ms)
			ProcessInitializeOnLoadAttributes (521ms)
			ProcessInitializeOnLoadMethodAttributes (23ms)
			AfterProcessingInitializeOnLoad (2ms)
			EditorAssembliesLoaded (0ms)
		ExecutionOrderSort2 (0ms)
		AwakeInstancesAfterBackupRestoration (11ms)
Refreshing native plugins compatible for Editor in 4.00 ms, found 3 plugins.
Preloading 0 native plugins for Editor in 0.00 ms.
Unloading 3324 Unused Serialized files (Serialized files now loaded: 0)
Unloading 67 unused Assets / (14.4 MB). Loaded Objects now: 3856.
Memory consumption went from 165.8 MB to 151.4 MB.
Total: 7.878200 ms (FindLiveObjects: 0.654100 ms CreateObjectMapping: 0.243400 ms MarkObjects: 3.806300 ms  DeleteObjects: 3.172400 ms)

Prepare: number of updated asset objects reloaded= 0
AssetImportParameters requested are different than current active one (requested -> active):
  custom:container-demuxer-ogg: 62fdf1f143b41e24485cea50d1cbac27 -> 
  custom:video-codec-MediaFoundation-h265: 746d11721c4dcdbdad8f713fa42b33f4 -> 
  custom:video-decoder-ogg-theora: a1e56fd34408186e4bbccfd4996cb3dc -> 
  custom:framework-win-MediaFoundation: 216162199b28c13a410421893ffa2e32 -> 
  custom:CustomObjectIndexerAttribute: 9a22284fe3817be447336de3de66b15e -> 
  custom:scripting/monoscript/fileName/ExtinguishableFire.cs: 8bf95ae1b8238aad5a7d8659e5c1f34d -> 6fc079e965f07121ccb01d97432a83e7
  custom:scripting/monoscript/fileName/Readme.cs: d224ae3d547135c42971b15162f90d4d -> 5aedf578fb2663036982fb7b05aaf325
  custom:container-demuxer-webm: 4f35f7cbe854078d1ac9338744f61a02 -> 
  custom:scripting/monoscript/fileName/GunAim.cs: f5f0cfd4962c3081a147d7778507a842 -> a359bcb45b8a9070343cabc49c6d6c12
  custom:scripting/monoscript/fileName/ParticleMenu.cs: 1db4266800d0873f067b2d6738894df3 -> 701aa12128b01c89a035dcec7c7d7504
  custom:container-muxer-webm: aa71ff27fc2769a1b78a27578f13a17b -> 
  custom:scripting/monoscript/fileName/ReadmeEditor.cs: 56f6dbf78c2756041ad3480a7e14a138 -> ff7ced1e41c1b99ddf5dfefc88f6bd50
  custom:scripting/monoscript/fileName/ParticleCollision.cs: fd3262e887bbf4a758ebaf804b209512 -> 71b71ac2cffa6bd7fb708664d6afc389
  custom:video-decoder-webm-vp8: 9c59270c3fd7afecdb556c50c9e8de78 -> 
  custom:scripting/monoscript/fileName/GunShoot.cs: b88a07cb1b5e1031b90e20a52c7f53ad -> 88c772e3426422d2042c20de5e9fd7a7
  custom:SearchIndexIgnoredProperties: e643bd26f0fe6173181afceb89e7c659 -> 
  custom:AudioImporter_EditorPlatform: d09bf68614088b80899f8185d706f6e7 -> 
  custom:video-encoder-webm-vp8: eb34c28f22e8b96e1ab97ce403110664 -> 
  custom:scripting/monoscript/fileName/DecalDestroyer.cs: a1b4abfe96e2984de64ab20c769b6f72 -> decd07b35d36ed7e38fde9c92f7048ba
  custom:audio-decoder-ogg-vorbis: bf7c407c2cedff20999df2af8eb42d56 -> 
  custom:scripting/monoscript/fileName/ParticleExamples.cs: 9ee99ac334261e4b8b57130875b3cd69 -> fa7f72e4810c68574ab637c94b215424
  custom:audio-encoder-webm-vorbis: bf7c407c2cedff20999df2af8eb42d56 -> 
========================================================================
Received Import Request.
  Time since last request: 132.403652 seconds.
  path: Assets/#NVJOB Water Shaders V2/Example Scenes/Environment/Island/Materials/Island 2.mat
  artifactKey: Guid(2750317320ef4fdb9508f15d9943f98d) Importer(815301076,1909f56bfc062723c751e8b465ee728b)
Start importing Assets/#NVJOB Water Shaders V2/Example Scenes/Environment/Island/Materials/Island 2.mat using Guid(2750317320ef4fdb9508f15d9943f98d) Importer(815301076,1909f56bfc062723c751e8b465ee728b)  -> (artifact id: '93ed24fd2756e5859849b9d6b59b8a9b') in 0.380429 seconds
Number of updated asset objects reloaded before import = 0
Number of asset objects unloaded after import = 6
========================================================================
Received Import Request.
  Time since last request: 0.000032 seconds.
  path: Assets/#NVJOB Water Shaders V2/Example Scenes/Environment/Island/Materials/Island N.png
  artifactKey: Guid(5a53633829b0420c9835961c854b37f8) Importer(815301076,1909f56bfc062723c751e8b465ee728b)
Start importing Assets/#NVJOB Water Shaders V2/Example Scenes/Environment/Island/Materials/Island N.png using Guid(5a53633829b0420c9835961c854b37f8) Importer(815301076,1909f56bfc062723c751e8b465ee728b)  -> (artifact id: '8186d993eb42e8f6948c87a6a79f635a') in 0.026371 seconds
Number of updated asset objects reloaded before import = 0
Number of asset objects unloaded after import = 2
========================================================================
Received Import Request.
  Time since last request: 15.842831 seconds.
  path: Assets/#NVJOB Water Shaders V2/Example Scenes/PostProcessing/Resources/Bluenoise64/LDR_LLL1_2.png
  artifactKey: Guid(e5cba22f8dd24cedbe6b574f76f6b987) Importer(815301076,1909f56bfc062723c751e8b465ee728b)
Start importing Assets/#NVJOB Water Shaders V2/Example Scenes/PostProcessing/Resources/Bluenoise64/LDR_LLL1_2.png using Guid(e5cba22f8dd24cedbe6b574f76f6b987) Importer(815301076,1909f56bfc062723c751e8b465ee728b)  -> (artifact id: 'a39ae8507c86671b13507b64073c1b4e') in 0.017063 seconds
Number of updated asset objects reloaded before import = 0
Number of asset objects unloaded after import = 2
========================================================================
Received Import Request.
  Time since last request: 0.000028 seconds.
  path: Assets/#NVJOB Water Shaders V2/Example Scenes/PostProcessing/Resources/Bluenoise64/LDR_LLL1_3.png
  artifactKey: Guid(09bb949e50394985aae809ef00c5a27e) Importer(815301076,1909f56bfc062723c751e8b465ee728b)
Start importing Assets/#NVJOB Water Shaders V2/Example Scenes/PostProcessing/Resources/Bluenoise64/LDR_LLL1_3.png using Guid(09bb949e50394985aae809ef00c5a27e) Importer(815301076,1909f56bfc062723c751e8b465ee728b)  -> (artifact id: '37b857c41ae313ec68f1975b5cdb9764') in 0.014837 seconds
Number of updated asset objects reloaded before import = 0
Number of asset objects unloaded after import = 2
========================================================================
Received Import Request.
  Time since last request: 0.000023 seconds.
  path: Assets/#NVJOB Water Shaders V2/Example Scenes/PostProcessing/Resources/Bluenoise64/LDR_LLL1_7.png
  artifactKey: Guid(041bd6d2ebce415eaa52868a4a5ecfc3) Importer(815301076,1909f56bfc062723c751e8b465ee728b)
Start importing Assets/#NVJOB Water Shaders V2/Example Scenes/PostProcessing/Resources/Bluenoise64/LDR_LLL1_7.png using Guid(041bd6d2ebce415eaa52868a4a5ecfc3) Importer(815301076,1909f56bfc062723c751e8b465ee728b)  -> (artifact id: '5dd2bd274f2e2ed2a754966f0b29bdf5') in 0.015140 seconds
Number of updated asset objects reloaded before import = 0
Number of asset objects unloaded after import = 2
========================================================================
Received Import Request.
  Time since last request: 0.000036 seconds.
  path: Assets/#NVJOB Water Shaders V2/Example Scenes/PostProcessing/Resources/Bluenoise64/LDR_LLL1_16.png
  artifactKey: Guid(874011d6b19f44229ef85d79c55b1d04) Importer(815301076,1909f56bfc062723c751e8b465ee728b)
Start importing Assets/#NVJOB Water Shaders V2/Example Scenes/PostProcessing/Resources/Bluenoise64/LDR_LLL1_16.png using Guid(874011d6b19f44229ef85d79c55b1d04) Importer(815301076,1909f56bfc062723c751e8b465ee728b)  -> (artifact id: '1c6fc9a0732086d57a3035651b7f92e3') in 0.016031 seconds
Number of updated asset objects reloaded before import = 0
Number of asset objects unloaded after import = 2
========================================================================
Received Import Request.
  Time since last request: 0.000045 seconds.
  path: Assets/#NVJOB Water Shaders V2/Example Scenes/PostProcessing/Resources/Bluenoise64/LDR_LLL1_21.png
  artifactKey: Guid(2c0b49cc4f3b488db4c9a0b5013d714e) Importer(815301076,1909f56bfc062723c751e8b465ee728b)
Start importing Assets/#NVJOB Water Shaders V2/Example Scenes/PostProcessing/Resources/Bluenoise64/LDR_LLL1_21.png using Guid(2c0b49cc4f3b488db4c9a0b5013d714e) Importer(815301076,1909f56bfc062723c751e8b465ee728b)  -> (artifact id: '316252167c7844e2561ed1610ed1de3f') in 0.014715 seconds
Number of updated asset objects reloaded before import = 0
Number of asset objects unloaded after import = 2
========================================================================
Received Import Request.
  Time since last request: 0.000023 seconds.
  path: Assets/#NVJOB Water Shaders V2/Example Scenes/PostProcessing/Resources/Bluenoise64/LDR_LLL1_29.png
  artifactKey: Guid(36b924bf84a24bafa1bb937f0f154b18) Importer(815301076,1909f56bfc062723c751e8b465ee728b)
Start importing Assets/#NVJOB Water Shaders V2/Example Scenes/PostProcessing/Resources/Bluenoise64/LDR_LLL1_29.png using Guid(36b924bf84a24bafa1bb937f0f154b18) Importer(815301076,1909f56bfc062723c751e8b465ee728b)  -> (artifact id: 'df02e798796beea45b0c02274512c0e8') in 0.013692 seconds
Number of updated asset objects reloaded before import = 0
Number of asset objects unloaded after import = 2
========================================================================
Received Import Request.
  Time since last request: 0.000024 seconds.
  path: Assets/#NVJOB Water Shaders V2/Example Scenes/PostProcessing/Resources/Bluenoise64/LDR_LLL1_14.png
  artifactKey: Guid(8d71f9a7d91241d6b188bf82ffd693bb) Importer(815301076,1909f56bfc062723c751e8b465ee728b)
Start importing Assets/#NVJOB Water Shaders V2/Example Scenes/PostProcessing/Resources/Bluenoise64/LDR_LLL1_14.png using Guid(8d71f9a7d91241d6b188bf82ffd693bb) Importer(815301076,1909f56bfc062723c751e8b465ee728b)  -> (artifact id: '4de871b35ae020d33ab870b1cc140622') in 0.017726 seconds
Number of updated asset objects reloaded before import = 0
Number of asset objects unloaded after import = 2
========================================================================
Received Import Request.
  Time since last request: 0.000019 seconds.
  path: Assets/#NVJOB Water Shaders V2/Example Scenes/PostProcessing/Resources/Bluenoise64/LDR_LLL1_10.png
  artifactKey: Guid(69f37afd308a466cadcfaeb7d425e6ba) Importer(815301076,1909f56bfc062723c751e8b465ee728b)
Start importing Assets/#NVJOB Water Shaders V2/Example Scenes/PostProcessing/Resources/Bluenoise64/LDR_LLL1_10.png using Guid(69f37afd308a466cadcfaeb7d425e6ba) Importer(815301076,1909f56bfc062723c751e8b465ee728b)  -> (artifact id: '97958ad2fee703c894e882bcdd54bf66') in 0.016504 seconds
Number of updated asset objects reloaded before import = 0
Number of asset objects unloaded after import = 2
========================================================================
Received Import Request.
  Time since last request: 0.000030 seconds.
  path: Assets/#NVJOB Water Shaders V2/Example Scenes/PostProcessing/Resources/Bluenoise64/LDR_LLL1_28.png
  artifactKey: Guid(4a9d0aa84e8f42a2a03ae133ae8e67eb) Importer(815301076,1909f56bfc062723c751e8b465ee728b)
Start importing Assets/#NVJOB Water Shaders V2/Example Scenes/PostProcessing/Resources/Bluenoise64/LDR_LLL1_28.png using Guid(4a9d0aa84e8f42a2a03ae133ae8e67eb) Importer(815301076,1909f56bfc062723c751e8b465ee728b)  -> (artifact id: '50cc9214bb32815c1a5d72d0e8c11f55') in 0.018587 seconds
Number of updated asset objects reloaded before import = 0
Number of asset objects unloaded after import = 2
========================================================================
Received Import Request.
  Time since last request: 0.000023 seconds.
  path: Assets/#NVJOB Water Shaders V2/Example Scenes/PostProcessing/Resources/Bluenoise64/LDR_LLL1_26.png
  artifactKey: Guid(5daa73a493cd44978220c3729c28308f) Importer(815301076,1909f56bfc062723c751e8b465ee728b)
Start importing Assets/#NVJOB Water Shaders V2/Example Scenes/PostProcessing/Resources/Bluenoise64/LDR_LLL1_26.png using Guid(5daa73a493cd44978220c3729c28308f) Importer(815301076,1909f56bfc062723c751e8b465ee728b)  -> (artifact id: '41bfddc62ec6cf47af2ea7a49de1c95f') in 0.018161 seconds
Number of updated asset objects reloaded before import = 0
Number of asset objects unloaded after import = 2
========================================================================
Received Import Request.
  Time since last request: 0.000030 seconds.
  path: Assets/#NVJOB Water Shaders V2/Example Scenes/PostProcessing/Resources/Bluenoise64/LDR_LLL1_19.png
  artifactKey: Guid(dbb2a6231cd54cf285331903d52943a3) Importer(815301076,1909f56bfc062723c751e8b465ee728b)
Start importing Assets/#NVJOB Water Shaders V2/Example Scenes/PostProcessing/Resources/Bluenoise64/LDR_LLL1_19.png using Guid(dbb2a6231cd54cf285331903d52943a3) Importer(815301076,1909f56bfc062723c751e8b465ee728b)  -> (artifact id: '5c28f2ccaa287c243e3dae41bd83e218') in 0.016206 seconds
Number of updated asset objects reloaded before import = 0
Number of asset objects unloaded after import = 2
========================================================================
Received Import Request.
  Time since last request: 0.000022 seconds.
  path: Assets/#NVJOB Water Shaders V2/Example Scenes/PostProcessing/Resources/Bluenoise64/LDR_LLL1_4.png
  artifactKey: Guid(a834b9c29b4c4e6cacb561e8ce9806a9) Importer(815301076,1909f56bfc062723c751e8b465ee728b)
Start importing Assets/#NVJOB Water Shaders V2/Example Scenes/PostProcessing/Resources/Bluenoise64/LDR_LLL1_4.png using Guid(a834b9c29b4c4e6cacb561e8ce9806a9) Importer(815301076,1909f56bfc062723c751e8b465ee728b)  -> (artifact id: 'a8411ec6b0b13998eaa9648be61f7352') in 0.015237 seconds
Number of updated asset objects reloaded before import = 0
Number of asset objects unloaded after import = 2
========================================================================
Received Import Request.
  Time since last request: 0.000034 seconds.
  path: Assets/#NVJOB Water Shaders V2/Example Scenes/PostProcessing/Resources/Bluenoise64/LDR_LLL1_6.png
  artifactKey: Guid(90faabc366c644ffa7a7426108767c0f) Importer(815301076,1909f56bfc062723c751e8b465ee728b)
Start importing Assets/#NVJOB Water Shaders V2/Example Scenes/PostProcessing/Resources/Bluenoise64/LDR_LLL1_6.png using Guid(90faabc366c644ffa7a7426108767c0f) Importer(815301076,1909f56bfc062723c751e8b465ee728b)  -> (artifact id: '125d2632ea93c0b4ee57a8de9ae9b9ea') in 0.017214 seconds
Number of updated asset objects reloaded before import = 0
Number of asset objects unloaded after import = 2
========================================================================
Received Import Request.
  Time since last request: 0.000022 seconds.
  path: Assets/#NVJOB Water Shaders V2/Example Scenes/PostProcessing/Resources/Bluenoise64/LDR_LLL1_20.png
  artifactKey: Guid(c464cd3a16094aeb84f5b0d2c8969f94) Importer(815301076,1909f56bfc062723c751e8b465ee728b)
Start importing Assets/#NVJOB Water Shaders V2/Example Scenes/PostProcessing/Resources/Bluenoise64/LDR_LLL1_20.png using Guid(c464cd3a16094aeb84f5b0d2c8969f94) Importer(815301076,1909f56bfc062723c751e8b465ee728b)  -> (artifact id: 'f28da7ae0f9fb89488b03a739d260fca') in 0.013854 seconds
Number of updated asset objects reloaded before import = 0
Number of asset objects unloaded after import = 2
========================================================================
Received Import Request.
  Time since last request: 6.940290 seconds.
  path: Assets/#NVJOB Water Shaders V2/Examples Water/Prefabs/Water Surface Mirror.prefab
  artifactKey: Guid(28ab203a6204400b853fcf56294ef10b) Importer(815301076,1909f56bfc062723c751e8b465ee728b)
Start importing Assets/#NVJOB Water Shaders V2/Examples Water/Prefabs/Water Surface Mirror.prefab using Guid(28ab203a6204400b853fcf56294ef10b) Importer(815301076,1909f56bfc062723c751e8b465ee728b)  -> (artifact id: '893361898eee6aad75ac054f196fc8a6') in 0.793537 seconds
Number of updated asset objects reloaded before import = 0
Number of asset objects unloaded after import = 14
Editor requested this worker to shutdown with reason: Scaling down because of idle timeout
TcpMessagingSession - receive error: operation aborted. errorcode: 995, details: The I/O operation has been aborted because of either a thread exit or an application request.
AssetImportWorker is now disconnected from the server
Process exiting
Exiting without the bug reporter. Application will terminate with return code 0